<?xml version="1.0" encoding="UTF-8"?>
<testsuite xmlns:xsi="http://www.w3.org/2001/XMLSchema-instance" xsi:noNamespaceSchemaLocation="https://maven.apache.org/surefire/maven-surefire-plugin/xsd/surefire-test-report-3.0.xsd" version="3.0" name="com.alibaba.craftsman.domain.BugMetricTest" time="0.0" tests="3" errors="0" skipped="0" failures="0">
  <properties>
[...]
</properties>
  <testcase name="test5BugsPer1000LinesCode" classname="com.alibaba.craftsman.domain.BugMetricTest" time="0.0"/>
  <testcase name="test5BugsPer10000LinesCode" classname="com.alibaba.craftsman.domain.BugMetricTest" time="0.0"/>
  <testcase name="test2BugsPer1000LinesCode" classname="com.alibaba.craftsman.domain.BugMetricTest" time="0.0"/>
</testsuite>