<?xml version="1.0" encoding="UTF-8"?>
<testsuite xmlns:xsi="http://www.w3.org/2001/XMLSchema-instance" xsi:noNamespaceSchemaLocation="https://maven.apache.org/surefire/maven-surefire-plugin/xsd/surefire-test-report-3.0.xsd" version="3.0" name="com.alibaba.craftsman.app.ContextInterceptorTest" time="0.028" tests="2" errors="0" skipped="0" failures="0">
  <properties>
[...]
</properties>
  <testcase name="testOperatorContext" classname="com.alibaba.craftsman.app.ContextInterceptorTest" time="0.001"/>
  <testcase name="testNoOperatorContext" classname="com.alibaba.craftsman.app.ContextInterceptorTest" time="0.0"/>
</testsuite>